<?xml version="1.0" encoding="UTF-8"?>
<testng-results ignored="0" total="1" passed="1" failed="0" skipped="0">
  <reporter-output>
  </reporter-output>
  <suite started-at="2026-04-03T00:58:46 IST" name="Suite" finished-at="2026-04-03T00:58:47 IST" duration-ms="510">
    <groups>
    </groups>
    <test started-at="2026-04-03T00:58:46 IST" name="Test" finished-at="2026-04-03T00:58:47 IST" duration-ms="510">
      <class name="tests.SampleTest">
        <test-method signature="getUsers()[pri:0, instance:tests.SampleTest@c333c60]" started-at="2026-04-03T00:58:46 IST" name="getUsers" finished-at="2026-04-03T00:58:47 IST" duration-ms="485" status="PASS">
          <reporter-output>
          </reporter-output>
        </test-method> <!-- getUsers -->
      </class> <!-- tests.SampleTest -->
    </test> <!-- Test -->
  </suite> <!-- Suite -->
</testng-results>
